2025-05-23 14:39:02,067 - INFO - Configurações do Firebird:
2025-05-23 14:39:02,067 - INFO - dsn: localhost:D:\BASES\TCH - GESTAO AGRICOLA\DADOS_THC.FDB
2025-05-23 14:39:02,067 - INFO - user: SYSDBA
2025-05-23 14:39:02,067 - INFO - password: $I$PER3,
2025-05-23 14:39:02,067 - INFO - Configurações do BigQuery:
2025-05-23 14:39:02,067 - INFO - project_id: etl-tch
2025-05-23 14:39:02,067 - INFO - dataset_id: firebird_data
2025-05-23 14:39:02,067 - INFO - table_id: FluxoDeCaixa
2025-05-23 14:39:02,067 - INFO - json_keyfile: C:/Users/Lyncon/vs_sisper/etl_base/json/etl-tch-589b2265e30e.json
2025-05-23 14:39:02,067 - INFO - Configurações do script:
2025-05-23 14:39:02,067 - INFO - query: SELECT ITEMCONTA || '-' || ITEMCPACRE || '-' || COALESCE(BAIXA, 0) AS CONCATENATED_COLUMNS
     , DATA
     , ORDEM
     , HISTORICO
     , VALOR
     , NOMEFLUXODECAIXA
     , CLASSIFICACAO
     , TIPOFLUXOCAIXA AS NOMETIPOFLUXOCAIXA
     , NOMEPLANODECONTAS
     , NOMEMATRIZFILIAL AS MATRIZFILIAL
     , PLANOORCAMENTARIO
     , NOMEPLANOORCAMENTARIO
     , '01/01/2000' || ' | ' || current_date AS FILTROS
FROM PROCFLUXOCAIXA('01/01/2000', current_date, 0)
ORDER BY TIPOFLUXOCAIXA DESC
       , CLASSIFICACAOFLUXODECAIXA
       , CLASSIFICACAO
2025-05-23 14:39:02,068 - INFO - Parâmetros do script:
2025-05-23 14:39:02,068 - INFO - unique_key: CONCATENATED_COLUMNS
2025-05-23 14:39:02,068 - INFO - primary_key: ID
2025-05-23 14:39:02,068 - INFO - start_date: '01/01/2000'
2025-05-23 14:39:02,068 - INFO - end_date: current_date
2025-05-23 14:39:02,068 - INFO - Parâmetro primary_key: ID
2025-05-23 14:39:02,068 - INFO - Parâmetro unique_key: CONCATENATED_COLUMNS
2025-05-23 14:39:02,068 - INFO - Conectando ao Firebird...
2025-05-23 14:39:02,429 - INFO - Buscando dados da fonte origem...
2025-05-23 14:39:26,689 - INFO - Dados extraídos do Firebird: 17784 registros.
2025-05-23 14:39:27,479 - INFO - Tabela FluxoDeCaixa já existe. Processando os dados normalmente...
2025-05-23 14:39:35,328 - INFO - 17784 registros inseridos.
2025-05-23 14:39:39,316 - INFO - 17784 registros deletados.
2025-05-23 14:39:39,316 - INFO - Total de registros processados: 17784
2025-05-23 14:39:39,335 - INFO - Conexão encerrada.
2025-05-23 14:44:01,988 - INFO - Configurações do Firebird:
2025-05-23 14:44:01,988 - INFO - dsn: localhost:D:\BASES\TCH - GESTAO AGRICOLA\DADOS_THC.FDB
2025-05-23 14:44:01,989 - INFO - user: SYSDBA
2025-05-23 14:44:01,989 - INFO - password: $I$PER3,
2025-05-23 14:44:01,989 - INFO - Configurações do BigQuery:
2025-05-23 14:44:01,989 - INFO - project_id: etl-tch
2025-05-23 14:44:01,989 - INFO - dataset_id: firebird_data
2025-05-23 14:44:01,989 - INFO - table_id: FluxoDeCaixa
2025-05-23 14:44:01,989 - INFO - json_keyfile: C:/Users/Lyncon/vs_sisper/etl_base/json/etl-tch-589b2265e30e.json
2025-05-23 14:44:01,989 - INFO - Configurações do script:
2025-05-23 14:44:01,989 - INFO - query: SELECT ITEMCONTA || '-' || ITEMCPACRE || '-' || COALESCE(BAIXA, 0) AS CONCATENATED_COLUMNS
     , DATA
     , ORDEM
     , HISTORICO
     , VALOR
     , NOMEFLUXODECAIXA
     , CLASSIFICACAO
     , TIPOFLUXOCAIXA AS NOMETIPOFLUXOCAIXA
     , NOMEPLANODECONTAS
     , NOMEMATRIZFILIAL AS MATRIZFILIAL
     , PLANOORCAMENTARIO
     , NOMEPLANOORCAMENTARIO
     , '01/01/2000' || ' | ' || current_date AS FILTROS
FROM PROCFLUXOCAIXA('01/01/2000', current_date, 0)
ORDER BY TIPOFLUXOCAIXA DESC
       , CLASSIFICACAOFLUXODECAIXA
       , CLASSIFICACAO
2025-05-23 14:44:01,989 - INFO - Parâmetros do script:
2025-05-23 14:44:01,989 - INFO - unique_key: CONCATENATED_COLUMNS
2025-05-23 14:44:01,989 - INFO - primary_key: ID
2025-05-23 14:44:01,989 - INFO - start_date: '01/01/2000'
2025-05-23 14:44:01,989 - INFO - end_date: current_date
2025-05-23 14:44:01,989 - INFO - Parâmetro primary_key: ID
2025-05-23 14:44:01,990 - INFO - Parâmetro unique_key: CONCATENATED_COLUMNS
2025-05-23 14:44:01,990 - INFO - Conectando ao Firebird...
2025-05-23 14:44:02,058 - INFO - Buscando dados da fonte origem...
2025-05-23 14:44:24,404 - INFO - Dados extraídos do Firebird: 17784 registros.
2025-05-23 14:44:24,923 - INFO - Tabela FluxoDeCaixa já existe. Processando os dados normalmente...
2025-05-23 14:44:34,148 - INFO - 17784 registros atualizados.
2025-05-23 14:44:34,265 - INFO - Total de registros processados: 17784
2025-05-23 14:44:34,304 - INFO - Conexão encerrada.
2025-05-23 14:47:01,767 - INFO - Configurações do Firebird:
2025-05-23 14:47:01,767 - INFO - dsn: localhost:D:\BASES\TCH - GESTAO AGRICOLA\DADOS_THC.FDB
2025-05-23 14:47:01,767 - INFO - user: SYSDBA
2025-05-23 14:47:01,768 - INFO - password: $I$PER3,
2025-05-23 14:47:01,768 - INFO - Configurações do BigQuery:
2025-05-23 14:47:01,768 - INFO - project_id: etl-tch
2025-05-23 14:47:01,768 - INFO - dataset_id: firebird_data
2025-05-23 14:47:01,768 - INFO - table_id: FluxoDeCaixa
2025-05-23 14:47:01,768 - INFO - json_keyfile: C:/Users/Lyncon/vs_sisper/etl_base/json/etl-tch-589b2265e30e.json
2025-05-23 14:47:01,768 - INFO - Configurações do script:
2025-05-23 14:47:01,768 - INFO - query: SELECT ITEMCONTA || '-' || ITEMCPACRE || '-' || COALESCE(BAIXA, 0) AS CONCATENATED_COLUMNS
     , DATA
     , ORDEM
     , HISTORICO
     , VALOR
     , NOMEFLUXODECAIXA
     , CLASSIFICACAO
     , TIPOFLUXOCAIXA AS NOMETIPOFLUXOCAIXA
     , NOMEPLANODECONTAS
     , NOMEMATRIZFILIAL AS MATRIZFILIAL
     , PLANOORCAMENTARIO
     , NOMEPLANOORCAMENTARIO
     , '01/01/2000' || ' | ' || current_date AS FILTROS
FROM PROCFLUXOCAIXA('01/01/2000', current_date, 0)
ORDER BY TIPOFLUXOCAIXA DESC
       , CLASSIFICACAOFLUXODECAIXA
       , CLASSIFICACAO
2025-05-23 14:47:01,768 - INFO - Parâmetros do script:
2025-05-23 14:47:01,768 - INFO - unique_key: CONCATENATED_COLUMNS
2025-05-23 14:47:01,768 - INFO - primary_key: ID
2025-05-23 14:47:01,768 - INFO - start_date: '01/01/2000'
2025-05-23 14:47:01,768 - INFO - end_date: current_date
2025-05-23 14:47:01,769 - INFO - Parâmetro primary_key: ID
2025-05-23 14:47:01,769 - INFO - Parâmetro unique_key: CONCATENATED_COLUMNS
2025-05-23 14:47:01,769 - INFO - Conectando ao Firebird...
2025-05-23 14:47:01,858 - INFO - Buscando dados da fonte origem...
2025-05-23 14:47:22,997 - INFO - Dados extraídos do Firebird: 17784 registros.
2025-05-23 14:47:23,643 - INFO - Tabela FluxoDeCaixa já existe. Processando os dados normalmente...
2025-05-23 14:47:32,206 - INFO - 17784 registros atualizados.
2025-05-23 14:47:32,329 - INFO - Total de registros processados: 17784
2025-05-23 14:47:32,345 - INFO - Conexão encerrada.
2025-05-27 17:40:04,941 - INFO - Configurações do Firebird:
2025-05-27 17:40:04,941 - INFO - dsn: localhost:D:\BASES\TCH - GESTAO AGRICOLA\DADOS_THC.FDB
2025-05-27 17:40:04,941 - INFO - user: SYSDBA
2025-05-27 17:40:04,941 - INFO - password: $I$PER3,
2025-05-27 17:40:04,941 - INFO - Configurações do BigQuery:
2025-05-27 17:40:04,942 - INFO - project_id: etl-tch
2025-05-27 17:40:04,942 - INFO - dataset_id: firebird_data
2025-05-27 17:40:04,942 - INFO - table_id: FluxoDeCaixa
2025-05-27 17:40:04,942 - INFO - json_keyfile: C:\Users\Lyncon\vs_sisper\etl_base\json\etl-tch-589b2265e30e.json
2025-05-27 17:40:04,942 - INFO - Configurações do script:
2025-05-27 17:40:04,942 - INFO - query: SELECT ITEMCONTA || '-' || ITEMCPACRE || '-' || COALESCE(BAIXA, 0) AS CONCATENATED_COLUMNS
     , DATA
     , ORDEM
     , HISTORICO
     , VALOR
     , NOMEFLUXODECAIXA
     , CLASSIFICACAO
     , TIPOFLUXOCAIXA AS NOMETIPOFLUXOCAIXA
     , NOMEPLANODECONTAS
     , NOMEMATRIZFILIAL AS MATRIZFILIAL
     , PLANOORCAMENTARIO
     , NOMEPLANOORCAMENTARIO
     , '01.01.2000' || ' | ' || CURRENT_DATE AS FILTROS
FROM PROCFLUXOCAIXA('01.01.2000', CURRENT_DATE, 0)
ORDER BY TIPOFLUXOCAIXA DESC
       , CLASSIFICACAOFLUXODECAIXA
       , CLASSIFICACAO
2025-05-27 17:40:04,942 - INFO - Parâmetros do script:
2025-05-27 17:40:04,942 - INFO - UNIQUE_KEY: CONCATENATED_COLUMNS
2025-05-27 17:40:04,942 - INFO - start_date: '01.01.2000'
2025-05-27 17:40:04,942 - INFO - end_date: CURRENT_DATE
2025-05-27 17:40:04,942 - INFO - Parâmetro primary_key: None
2025-05-27 17:40:04,942 - INFO - Parâmetro unique_key: None
2025-05-27 17:40:04,942 - INFO - Conectando ao Firebird...
2025-05-27 17:40:05,208 - INFO - Buscando dados da fonte origem...
2025-05-27 17:40:29,806 - ERROR - Erro durante a execução: Need to specify at least one of 'labels', 'index' or 'columns'
2025-05-27 17:40:29,898 - INFO - Conexão encerrada.
2025-05-27 17:47:02,099 - INFO - Configurações do Firebird:
2025-05-27 17:47:02,099 - INFO - dsn: localhost:D:\BASES\TCH - GESTAO AGRICOLA\DADOS_THC.FDB
2025-05-27 17:47:02,099 - INFO - user: SYSDBA
2025-05-27 17:47:02,099 - INFO - password: $I$PER3,
2025-05-27 17:47:02,099 - INFO - Configurações do BigQuery:
2025-05-27 17:47:02,100 - INFO - project_id: etl-tch
2025-05-27 17:47:02,100 - INFO - dataset_id: firebird_data
2025-05-27 17:47:02,100 - INFO - table_id: FluxoDeCaixa
2025-05-27 17:47:02,100 - INFO - json_keyfile: C:\Users\Lyncon\vs_sisper\etl_base\json\etl-tch-589b2265e30e.json
2025-05-27 17:47:02,100 - INFO - Configurações do script:
2025-05-27 17:47:02,100 - INFO - query: SELECT ITEMCONTA || '-' || ITEMCPACRE || '-' || COALESCE(BAIXA, 0) AS CONCATENATED_COLUMNS
     , DATA
     , ORDEM
     , HISTORICO
     , VALOR
     , NOMEFLUXODECAIXA
     , CLASSIFICACAO
     , TIPOFLUXOCAIXA AS NOMETIPOFLUXOCAIXA
     , NOMEPLANODECONTAS
     , NOMEMATRIZFILIAL AS MATRIZFILIAL
     , PLANOORCAMENTARIO
     , NOMEPLANOORCAMENTARIO
     , '01.01.2000' || ' | ' || CURRENT_DATE AS FILTROS
FROM PROCFLUXOCAIXA('01.01.2000', CURRENT_DATE, 0)
ORDER BY TIPOFLUXOCAIXA DESC
       , CLASSIFICACAOFLUXODECAIXA
       , CLASSIFICACAO
2025-05-27 17:47:02,100 - INFO - Parâmetros do script:
2025-05-27 17:47:02,101 - INFO - UNIQUE_KEY: CONCATENATED_COLUMNS
2025-05-27 17:47:02,101 - INFO - start_date: '01.01.2000'
2025-05-27 17:47:02,101 - INFO - end_date: CURRENT_DATE
2025-05-27 17:47:02,101 - INFO - PRIMARY_KEY: ID
2025-05-27 17:47:02,101 - INFO - Parâmetro primary_key: None
2025-05-27 17:47:02,101 - INFO - Parâmetro unique_key: None
2025-05-27 17:47:02,102 - INFO - Conectando ao Firebird...
2025-05-27 17:47:02,161 - INFO - Buscando dados da fonte origem...
2025-05-27 17:47:24,474 - ERROR - Erro durante a execução: Need to specify at least one of 'labels', 'index' or 'columns'
2025-05-27 17:47:24,536 - INFO - Conexão encerrada.
2025-05-31 17:47:04,924 - INFO - Configurações do Firebird:
2025-05-31 17:47:04,924 - INFO - dsn: localhost:D:\BASES\TCH - GESTAO AGRICOLA\DADOS_THC.FDB
2025-05-31 17:47:04,924 - INFO - user: SYSDBA
2025-05-31 17:47:04,924 - INFO - password: $I$PER3,
2025-05-31 17:47:04,924 - INFO - Configurações do BigQuery:
2025-05-31 17:47:04,924 - INFO - project_id: etl-tch
2025-05-31 17:47:04,924 - INFO - dataset_id: firebird_data
2025-05-31 17:47:04,924 - INFO - table_id: FluxoDeCaixa
2025-05-31 17:47:04,924 - INFO - json_keyfile: C:\Users\Lyncon\vs_sisper\etl_base\json\etl-tch-589b2265e30e.json
2025-05-31 17:47:04,924 - INFO - Configurações do script:
2025-05-31 17:47:04,924 - INFO - query: SELECT ITEMCONTA || '-' || ITEMCPACRE || '-' || COALESCE(BAIXA, 0) AS CONCATENATED_COLUMNS
     , DATA
     , ORDEM
     , HISTORICO
     , VALOR
     , NOMEFLUXODECAIXA
     , CLASSIFICACAO
     , TIPOFLUXOCAIXA AS NOMETIPOFLUXOCAIXA
     , NOMEPLANODECONTAS
     , NOMEMATRIZFILIAL AS MATRIZFILIAL
     , PLANOORCAMENTARIO
     , NOMEPLANOORCAMENTARIO
     , '01.01.2000' || ' | ' || CURRENT_DATE AS FILTROS
FROM PROCFLUXOCAIXA('01.01.2000', CURRENT_DATE, 0)
ORDER BY TIPOFLUXOCAIXA DESC
       , CLASSIFICACAOFLUXODECAIXA
       , CLASSIFICACAO
2025-05-31 17:47:04,924 - INFO - Parâmetros do script:
2025-05-31 17:47:04,924 - INFO - UNIQUE_KEY: CONCATENATED_COLUMNS
2025-05-31 17:47:04,924 - INFO - start_date: '01.01.2000'
2025-05-31 17:47:04,924 - INFO - end_date: CURRENT_DATE
2025-05-31 17:47:04,938 - INFO - PRIMARY_KEY: ID
2025-05-31 17:47:04,938 - INFO - Parâmetro primary_key: None
2025-05-31 17:47:04,938 - INFO - Parâmetro unique_key: None
2025-05-31 17:47:04,938 - INFO - Conectando ao Firebird...
2025-05-31 17:47:05,159 - INFO - Buscando dados da fonte origem...
2025-05-31 17:47:29,284 - ERROR - Erro durante a execução: Need to specify at least one of 'labels', 'index' or 'columns'
2025-05-31 17:47:29,432 - INFO - Conexão encerrada.
2025-06-05 10:30:51,972 - ERROR - Erro durante a execução: É necessário fornecer um schedule_id ou os IDs de origem, script e destino.
2025-06-05 10:30:51,973 - INFO - Conexão encerrada.
2025-06-05 10:31:20,642 - ERROR - Erro durante a execução: É necessário fornecer um schedule_id ou os IDs de origem, script e destino.
2025-06-05 10:31:20,643 - INFO - Conexão encerrada.
2025-06-05 10:39:55,116 - ERROR - Erro durante a execução: É necessário fornecer um schedule_id ou os IDs de origem, script e destino.
2025-06-05 10:39:55,117 - INFO - Conexão encerrada.
2025-06-05 10:44:25,984 - ERROR - Erro durante a execução: É necessário fornecer um schedule_id ou os IDs de origem, script e destino.
2025-06-05 10:44:25,985 - INFO - Conexão encerrada.
